[INFO  - 2019-10-22T01:00:43.755Z] GhostDriver - Main - running on port 63734
[INFO  - 2019-10-22T01:00:47.224Z] Session [61dcf430-f467-11e9-ab13-f746451ca86d] - page.settings - {"XSSAuditingEnabled":false,"javascriptCanCloseWindows":true,"javascriptCanOpenWindows":true,"javascriptEnabled":true,"loadImages":true,"localToRemoteUrlAccessEnabled":false,"userAgent":"Mozilla/5.0 (Windows NT 6.2; WOW64) AppleWebKit/538.1 (KHTML, like Gecko) PhantomJS/2.1.1 Safari/538.1","webSecurityEnabled":true}
[INFO  - 2019-10-22T01:00:47.224Z] Session [61dcf430-f467-11e9-ab13-f746451ca86d] - page.customHeaders:  - {}
[INFO  - 2019-10-22T01:00:47.224Z] Session [61dcf430-f467-11e9-ab13-f746451ca86d] - Session.negotiatedCapabilities - {"browserName":"phantomjs","version":"2.1.1","driverName":"ghostdriver","driverVersion":"1.2.0","platform":"windows-10-32bit","javascriptEnabled":true,"takesScreenshot":true,"handlesAlerts":false,"databaseEnabled":false,"locationContextEnabled":false,"applicationCacheEnabled":false,"browserConnectionEnabled":false,"cssSelectorsEnabled":true,"webStorageEnabled":false,"rotatable":false,"acceptSslCerts":false,"nativeEvents":true,"proxy":{"proxyType":"direct"}}
[INFO  - 2019-10-22T01:00:47.224Z] SessionManagerReqHand - _postNewSessionCommand - New Session Created: 61dcf430-f467-11e9-ab13-f746451ca86d
[ERROR - 2019-10-22T01:00:48.016Z] WebElementLocator - _handleLocateCommand - Element(s) NOT Found: GAVE UP. Search Stop Time: 1571706048009

  phantomjs://platform/console++.js:263 in error
[ERROR - 2019-10-22T01:00:49.124Z] WebElementLocator - _handleLocateCommand - Element(s) NOT Found: GAVE UP. Search Stop Time: 1571706049078

  phantomjs://platform/console++.js:263 in error
[ERROR - 2019-10-22T01:00:50.248Z] WebElementLocator - _handleLocateCommand - Element(s) NOT Found: GAVE UP. Search Stop Time: 1571706050201

  phantomjs://platform/console++.js:263 in error
[ERROR - 2019-10-22T01:00:51.376Z] WebElementLocator - _handleLocateCommand - Element(s) NOT Found: GAVE UP. Search Stop Time: 1571706051330

  phantomjs://platform/console++.js:263 in error
[ERROR - 2019-10-22T01:00:52.500Z] WebElementLocator - _handleLocateCommand - Element(s) NOT Found: GAVE UP. Search Stop Time: 1571706052444

  phantomjs://platform/console++.js:263 in error
[ERROR - 2019-10-22T01:00:53.582Z] WebElementLocator - _handleLocateCommand - Element(s) NOT Found: GAVE UP. Search Stop Time: 1571706053527

  phantomjs://platform/console++.js:263 in error
[ERROR - 2019-10-22T01:00:54.686Z] WebElementLocator - _handleLocateCommand - Element(s) NOT Found: GAVE UP. Search Stop Time: 1571706054640

  phantomjs://platform/console++.js:263 in error
[ERROR - 2019-10-22T01:00:55.750Z] WebElementLocator - _handleLocateCommand - Element(s) NOT Found: GAVE UP. Search Stop Time: 1571706055706

  phantomjs://platform/console++.js:263 in error
[ERROR - 2019-10-22T01:00:56.830Z] WebElementLocator - _handleLocateCommand - Element(s) NOT Found: GAVE UP. Search Stop Time: 1571706056776

  phantomjs://platform/console++.js:263 in error
[ERROR - 2019-10-22T01:00:57.905Z] WebElementLocator - _handleLocateCommand - Element(s) NOT Found: GAVE UP. Search Stop Time: 1571706057853

  phantomjs://platform/console++.js:263 in error
[ERROR - 2019-10-22T01:00:59.109Z] WebElementLocator - _handleLocateCommand - Element(s) NOT Found: GAVE UP. Search Stop Time: 1571706059063

  phantomjs://platform/console++.js:263 in error
[ERROR - 2019-10-22T01:01:00.233Z] WebElementLocator - _handleLocateCommand - Element(s) NOT Found: GAVE UP. Search Stop Time: 1571706060189

  phantomjs://platform/console++.js:263 in error
[ERROR - 2019-10-22T01:01:01.311Z] WebElementLocator - _handleLocateCommand - Element(s) NOT Found: GAVE UP. Search Stop Time: 1571706061262

  phantomjs://platform/console++.js:263 in error
[ERROR - 2019-10-22T01:01:02.424Z] WebElementLocator - _handleLocateCommand - Element(s) NOT Found: GAVE UP. Search Stop Time: 1571706062372

  phantomjs://platform/console++.js:263 in error
[ERROR - 2019-10-22T01:01:03.500Z] WebElementLocator - _handleLocateCommand - Element(s) NOT Found: GAVE UP. Search Stop Time: 1571706063453

  phantomjs://platform/console++.js:263 in error
[ERROR - 2019-10-22T01:01:04.593Z] WebElementLocator - _handleLocateCommand - Element(s) NOT Found: GAVE UP. Search Stop Time: 1571706064535

  phantomjs://platform/console++.js:263 in error
[ERROR - 2019-10-22T01:01:05.674Z] WebElementLocator - _handleLocateCommand - Element(s) NOT Found: GAVE UP. Search Stop Time: 1571706065618

  phantomjs://platform/console++.js:263 in error
[ERROR - 2019-10-22T01:01:06.812Z] WebElementLocator - _handleLocateCommand - Element(s) NOT Found: GAVE UP. Search Stop Time: 1571706066756

  phantomjs://platform/console++.js:263 in error
[ERROR - 2019-10-22T01:01:07.891Z] WebElementLocator - _handleLocateCommand - Element(s) NOT Found: GAVE UP. Search Stop Time: 1571706067844

  phantomjs://platform/console++.js:263 in error
[ERROR - 2019-10-22T01:01:09.047Z] WebElementLocator - _handleLocateCommand - Element(s) NOT Found: GAVE UP. Search Stop Time: 1571706068992

  phantomjs://platform/console++.js:263 in error
[ERROR - 2019-10-22T01:01:10.283Z] WebElementLocator - _handleLocateCommand - Element(s) NOT Found: GAVE UP. Search Stop Time: 1571706070230

  phantomjs://platform/console++.js:263 in error
[ERROR - 2019-10-22T01:01:11.357Z] WebElementLocator - _handleLocateCommand - Element(s) NOT Found: GAVE UP. Search Stop Time: 1571706071311

  phantomjs://platform/console++.js:263 in error
[ERROR - 2019-10-22T01:01:12.436Z] WebElementLocator - _handleLocateCommand - Element(s) NOT Found: GAVE UP. Search Stop Time: 1571706072385

  phantomjs://platform/console++.js:263 in error
[ERROR - 2019-10-22T01:01:13.501Z] WebElementLocator - _handleLocateCommand - Element(s) NOT Found: GAVE UP. Search Stop Time: 1571706073449

  phantomjs://platform/console++.js:263 in error
[ERROR - 2019-10-22T01:01:14.593Z] WebElementLocator - _handleLocateCommand - Element(s) NOT Found: GAVE UP. Search Stop Time: 1571706074536

  phantomjs://platform/console++.js:263 in error
[ERROR - 2019-10-22T01:01:15.740Z] WebElementLocator - _handleLocateCommand - Element(s) NOT Found: GAVE UP. Search Stop Time: 1571706075676

  phantomjs://platform/console++.js:263 in error
[ERROR - 2019-10-22T01:01:16.891Z] WebElementLocator - _handleLocateCommand - Element(s) NOT Found: GAVE UP. Search Stop Time: 1571706076845

  phantomjs://platform/console++.js:263 in error
[ERROR - 2019-10-22T01:01:17.987Z] WebElementLocator - _handleLocateCommand - Element(s) NOT Found: GAVE UP. Search Stop Time: 1571706077938

  phantomjs://platform/console++.js:263 in error
[ERROR - 2019-10-22T01:01:19.157Z] WebElementLocator - _handleLocateCommand - Element(s) NOT Found: GAVE UP. Search Stop Time: 1571706079103

  phantomjs://platform/console++.js:263 in error
[ERROR - 2019-10-22T01:01:25.065Z] Session [61dcf430-f467-11e9-ab13-f746451ca86d] - page.onError - msg: Error: undefined is not a constructor (evaluating 'Object.entries(t)')
value@https://cdn1.woolworths.media/traderui/tealium.c703aff145d7dd7ade27.bundle.js:1:119689
e@https://cdn1.woolworths.media/traderui/tealium.c703aff145d7dd7ade27.bundle.js:1:78947
e@[native code]
u@https://cdn1.woolworths.media/traderui/vendor.98679c17f7b858e32930.bundle.js:29:53108
https://cdn1.woolworths.media/traderui/vendor.98679c17f7b858e32930.bundle.js:29:33530
a@https://cdn1.woolworths.media/traderui/vendor.98679c17f7b858e32930.bundle.js:29:52983
https://cdn1.woolworths.media/traderui/vendor.98679c17f7b858e32930.bundle.js:29:33295
a@https://cdn1.woolworths.media/traderui/vendor.98679c17f7b858e32930.bundle.js:29:52983
https://cdn1.woolworths.media/traderui/vendor.98679c17f7b858e32930.bundle.js:29:35714
r@https://cdn1.woolworths.media/traderui/vendor.98679c17f7b858e32930.bundle.js:29:34530
i@https://cdn1.woolworths.media/traderui/vendor.98679c17f7b858e32930.bundle.js:29:52671
u@https://cdn1.woolworths.media/traderui/vendor.98679c17f7b858e32930.bundle.js:29:53038
https://cdn1.woolworths.media/traderui/vendor.98679c17f7b858e32930.bundle.js:29:33530
a@https://cdn1.woolworths.media/traderui/vendor.98679c17f7b858e32930.bundle.js:29:52983
https://cdn1.woolworths.media/traderui/vendor.98679c17f7b858e32930.bundle.js:29:33295
a@https://cdn1.woolworths.media/traderui/vendor.98679c17f7b858e32930.bundle.js:29:52983
https://cdn1.woolworths.media/traderui/vendor.98679c17f7b858e32930.bundle.js:29:35714
r@https://cdn1.woolworths.media/traderui/vendor.98679c17f7b858e32930.bundle.js:29:34530
i@https://cdn1.woolworths.media/traderui/vendor.98679c17f7b858e32930.bundle.js:29:52671
u@https://cdn1.woolworths.media/traderui/vendor.98679c17f7b858e32930.bundle.js:29:53038
https://cdn1.woolworths.media/traderui/vendor.98679c17f7b858e32930.bundle.js:29:33530
a@https://cdn1.woolworths.media/traderui/vendor.98679c17f7b858e32930.bundle.js:29:52983
https://cdn1.woolworths.media/traderui/vendor.98679c17f7b858e32930.bundle.js:29:33295
a@https://cdn1.woolworths.media/traderui/vendor.98679c17f7b858e32930.bundle.js:29:52983
https://cdn1.woolworths.media/traderui/vendor.98679c17f7b858e32930.bundle.js:29:35714
r@https://cdn1.woolworths.media/traderui/vendor.98679c17f7b858e32930.bundle.js:29:34530
https://cdn1.woolworths.media/traderui/common.a40bc8223d12274f5d05.bundle.js:13:443677
https://cdn1.woolworths.media/traderui/vendor.98679c17f7b858e32930.bundle.js:1:21650
Vn@https://cdn1.woolworths.media/traderui/vendor.98679c17f7b858e32930.bundle.js:1:13515
https://cdn1.woolworths.media/traderui/vendor.98679c17f7b858e32930.bundle.js:1:21447
sa@https://cdn1.woolworths.media/traderui/vendor.98679c17f7b858e32930.bundle.js:1:35182
https://cdn1.woolworths.media/traderui/common.a40bc8223d12274f5d05.bundle.js:13:443581
a@https://cdn1.woolworths.media/traderui/vendor.98679c17f7b858e32930.bundle.js:29:131629
https://cdn1.woolworths.media/traderui/vendor.98679c17f7b858e32930.bundle.js:29:131801
$eval@https://cdn1.woolworths.media/traderui/vendor.98679c17f7b858e32930.bundle.js:29:211533
$digest@https://cdn1.woolworths.media/traderui/vendor.98679c17f7b858e32930.bundle.js:29:210046
https://www.woolworths.com.au/Scripts/application-dynamics.js:60:456
https://cdn1.woolworths.media/traderui/vendor.98679c17f7b858e32930.bundle.js:29:211627
o@https://cdn1.woolworths.media/traderui/vendor.98679c17f7b858e32930.bundle.js:29:20510
https://cdn1.woolworths.media/traderui/vendor.98679c17f7b858e32930.bundle.js:29:42431

  phantomjs://platform/console++.js:263 in error
[ERROR - 2019-10-22T01:01:25.066Z] Session [61dcf430-f467-11e9-ab13-f746451ca86d] - page.onError - stack:
  (anonymous function) (https://cdn1.woolworths.media/traderui/vendor.98679c17f7b858e32930.bundle.js:29)

  phantomjs://platform/console++.js:263 in error
[ERROR - 2019-10-22T01:01:26.212Z] Session [61dcf430-f467-11e9-ab13-f746451ca86d] - page.onError - msg: TypeError: undefined is not a constructor (evaluating 'location.pathname.startsWith("/shop/productdetails")')

  phantomjs://platform/console++.js:263 in error
[ERROR - 2019-10-22T01:01:26.213Z] Session [61dcf430-f467-11e9-ab13-f746451ca86d] - page.onError - stack:
  value (https://cdn1.woolworths.media/traderui/wowapp.b4d0afd0dea64c5257e5.bundle.js:8)
  value (https://cdn1.woolworths.media/traderui/wowapp.b4d0afd0dea64c5257e5.bundle.js:8)
  jsonCallback (https://cdn1.woolworths.media/traderui/wowapp.b4d0afd0dea64c5257e5.bundle.js:8)
  rr_call_after_flush (https://recs.richrelevance.com/rrserver/p13n_generated.js?a=81d3eeeb3d4e43b7&ts=1571706085668&v=1.2.6.20190516&ssl=t&cn=Iced%20Teas&c=1_9573995&pt=%7Ccategory_page.category_level3_mobile&s=8601aa26-3161-4ab5-b5c4-cd37a28ce0d4&cts=https%3A%2F%2Fwww.woolworths.com.au&rid=1649&rcs=eF4FwbENgDAMBMAmFbs88uM4TjZgDWILiYIOmJ-7stzfc-VKpYDmdGlCb50wgOWNvevIeVjDyCGotnWoZECqTQ_O7dT4AVxCEUk&l=1:1)
  rr_flush (https://recs.richrelevance.com/rrserver/p13n_generated.js?a=81d3eeeb3d4e43b7&ts=1571706085668&v=1.2.6.20190516&ssl=t&cn=Iced%20Teas&c=1_9573995&pt=%7Ccategory_page.category_level3_mobile&s=8601aa26-3161-4ab5-b5c4-cd37a28ce0d4&cts=https%3A%2F%2Fwww.woolworths.com.au&rid=1649&rcs=eF4FwbENgDAMBMAmFbs88uM4TjZgDWILiYIOmJ-7stzfc-VKpYDmdGlCb50wgOWNvevIeVjDyCGotnWoZECqTQ_O7dT4AVxCEUk&l=1:1)

  phantomjs://platform/console++.js:263 in error
[ERROR - 2019-10-22T01:01:26.843Z] WebElementLocator - _handleLocateCommand - Element(s) NOT Found: GAVE UP. Search Stop Time: 1571706086814

  phantomjs://platform/console++.js:263 in error
